# JRE version: OpenJDK Runtime Environment (17.0.6) (build 17.0.6+0-b2043.56-10027231)
# Java VM: OpenJDK 64-Bit Server VM (17.0.6+0-b2043.56-10027231, mixed mode, tiered, compressed oops, compressed class ptrs, g1 gc, windows-amd64)
GC Precious Log:
 CPUs: 8 total, 8 available
 Memory: 3446M
 Large Page Support: Disabled
 NUMA Support: Disabled
 Compressed Oops: Enabled (32-bit)
 Heap Region Size: 1M
 Heap Min Capacity: 8M
 Heap Initial Capacity: 54M
 Heap Max Capacity: 2G
 Pre-touch: Disabled
 Parallel Workers: 8
 Concurrent Workers: 2
 Concurrent Refinement Workers: 8
 Periodic GC: Disabled
Heap:
 garbage-first heap   total 373760K, used 191712K [0x0000000080000000, 0x0000000100000000)
  region size 1024K, 2 young (2048K), 2 survivors (2048K)
 Metaspace       used 145562K, committed 146304K, reserved 1179648K
  class space    used 18973K, committed 19328K, reserved 1048576K
GC Heap History (20 events):
Event: 44.070 GC heap after
{Heap after GC invocations=42 (full 0):
 garbage-first heap   total 314368K, used 116357K [0x0000000080000000, 0x0000000100000000)
  region size 1024K, 19 young (19456K), 19 survivors (19456K)
 Metaspace       used 89628K, committed 90304K, reserved 1130496K
  class space    used 12285K, committed 12608K, reserved 1048576K
}
Event: 44.095 GC heap before
{Heap before GC invocations=42 (full 0):
 garbage-first heap   total 314368K, used 117381K [0x0000000080000000, 0x0000000100000000)
  region size 1024K, 20 young (20480K), 19 survivors (19456K)
 Metaspace       used 89690K, committed 90368K, reserved 1130496K
  class space    used 12293K, committed 12608K, reserved 1048576K
}
Event: 44.110 GC heap after
{Heap after GC invocations=43 (full 0):
 garbage-first heap   total 314368K, used 119435K [0x0000000080000000, 0x0000000100000000)
  region size 1024K, 3 young (3072K), 3 survivors (3072K)
 Metaspace       used 89690K, committed 90368K, reserved 1130496K
  class space    used 12293K, committed 12608K, reserved 1048576K
}
Event: 44.851 GC heap before
{Heap before GC invocations=43 (full 0):
 garbage-first heap   total 314368K, used 155275K [0x0000000080000000, 0x0000000100000000)
  region size 1024K, 39 young (39936K), 3 survivors (3072K)
 Metaspace       used 93951K, committed 94720K, reserved 1138688K
  class space    used 12791K, committed 13120K, reserved 1048576K
}
Event: 44.854 GC heap after
{Heap after GC invocations=44 (full 0):
 garbage-first heap   total 314368K, used 119372K [0x0000000080000000, 0x0000000100000000)
  region size 1024K, 3 young (3072K), 3 survivors (3072K)
 Metaspace       used 93951K, committed 94720K, reserved 1138688K
  class space    used 12791K, committed 13120K, reserved 1048576K
}
Event: 46.869 GC heap before
{Heap before GC invocations=45 (full 0):
 garbage-first heap   total 314368K, used 233036K [0x0000000080000000, 0x0000000100000000)
  region size 1024K, 109 young (111616K), 3 survivors (3072K)
 Metaspace       used 107909K, committed 108608K, reserved 1146880K
  class space    used 14347K, committed 14656K, reserved 1048576K
}
Event: 46.878 GC heap after
{Heap after GC invocations=46 (full 0):
 garbage-first heap   total 314368K, used 133509K [0x0000000080000000, 0x0000000100000000)
  region size 1024K, 11 young (11264K), 11 survivors (11264K)
 Metaspace       used 107909K, committed 108608K, reserved 1146880K
  class space    used 14347K, committed 14656K, reserved 1048576K
}
Event: 48.399 GC heap before
{Heap before GC invocations=47 (full 0):
 garbage-first heap   total 314368K, used 245125K [0x0000000080000000, 0x0000000100000000)
  region size 1024K, 119 young (121856K), 11 survivors (11264K)
 Metaspace       used 113174K, committed 113856K, reserved 1155072K
  class space    used 14920K, committed 15232K, reserved 1048576K
}
Event: 48.414 GC heap after
{Heap after GC invocations=48 (full 0):
 garbage-first heap   total 314368K, used 142227K [0x0000000080000000, 0x0000000100000000)
  region size 1024K, 9 young (9216K), 9 survivors (9216K)
 Metaspace       used 113174K, committed 113856K, reserved 1155072K
  class space    used 14920K, committed 15232K, reserved 1048576K
}
Event: 51.106 GC heap before
{Heap before GC invocations=48 (full 0):
 garbage-first heap   total 314368K, used 249747K [0x0000000080000000, 0x0000000100000000)
  region size 1024K, 114 young (116736K), 9 survivors (9216K)
 Metaspace       used 127622K, committed 128384K, reserved 1163264K
  class space    used 16538K, committed 16896K, reserved 1048576K
}
Event: 51.129 GC heap after
{Heap after GC invocations=49 (full 0):
 garbage-first heap   total 314368K, used 149295K [0x0000000080000000, 0x0000000100000000)
  region size 1024K, 7 young (7168K), 7 survivors (7168K)
 Metaspace       used 127622K, committed 128384K, reserved 1163264K
  class space    used 16538K, committed 16896K, reserved 1048576K
}
Event: 55.774 GC heap before
{Heap before GC invocations=50 (full 0):
 garbage-first heap   total 314368K, used 255791K [0x0000000080000000, 0x0000000100000000)
  region size 1024K, 109 young (111616K), 7 survivors (7168K)
 Metaspace       used 140711K, committed 141504K, reserved 1179648K
  class space    used 18270K, committed 18624K, reserved 1048576K
}
Event: 55.837 GC heap after
{Heap after GC invocations=51 (full 0):
 garbage-first heap   total 314368K, used 149135K [0x0000000080000000, 0x0000000100000000)
  region size 1024K, 13 young (13312K), 13 survivors (13312K)
 Metaspace       used 140711K, committed 141504K, reserved 1179648K
  class space    used 18270K, committed 18624K, reserved 1048576K
}
Event: 55.991 GC heap before
{Heap before GC invocations=51 (full 0):
 garbage-first heap   total 314368K, used 151183K [0x0000000080000000, 0x0000000100000000)
  region size 1024K, 15 young (15360K), 13 survivors (13312K)
 Metaspace       used 141113K, committed 141952K, reserved 1179648K
  class space    used 18324K, committed 18688K, reserved 1048576K
}
Event: 56.026 GC heap after
{Heap after GC invocations=52 (full 0):
 garbage-first heap   total 314368K, used 150212K [0x0000000080000000, 0x0000000100000000)
  region size 1024K, 2 young (2048K), 2 survivors (2048K)
 Metaspace       used 141113K, committed 141952K, reserved 1179648K
  class space    used 18324K, committed 18688K, reserved 1048576K
}
Event: 56.064 GC heap before
{Heap before GC invocations=52 (full 0):
 garbage-first heap   total 314368K, used 150212K [0x0000000080000000, 0x0000000100000000)
  region size 1024K, 3 young (3072K), 2 survivors (2048K)
 Metaspace       used 141292K, committed 142080K, reserved 1179648K
  class space    used 18348K, committed 18688K, reserved 1048576K
}
Event: 56.074 GC heap after
{Heap after GC invocations=53 (full 0):
 garbage-first heap   total 314368K, used 148573K [0x0000000080000000, 0x0000000100000000)
  region size 1024K, 1 young (1024K), 1 survivors (1024K)
 Metaspace       used 141292K, committed 142080K, reserved 1179648K
  class space    used 18348K, committed 18688K, reserved 1048576K
}
Event: 59.974 GC heap before
{Heap before GC invocations=54 (full 0):
 garbage-first heap   total 314368K, used 280669K [0x0000000080000000, 0x0000000100000000)
  region size 1024K, 107 young (109568K), 1 survivors (1024K)
 Metaspace       used 145561K, committed 146304K, reserved 1179648K
  class space    used 18973K, committed 19328K, reserved 1048576K
}
Event: 60.096 GC heap after
{Heap after GC invocations=55 (full 0):
 garbage-first heap   total 314368K, used 193720K [0x0000000080000000, 0x0000000100000000)
  region size 1024K, 14 young (14336K), 14 survivors (14336K)
 Metaspace       used 145561K, committed 146304K, reserved 1179648K
  class space    used 18973K, committed 19328K, reserved 1048576K
}
Event: 60.160 GC heap before
{Heap before GC invocations=55 (full 0):
 garbage-first heap   total 314368K, used 194744K [0x0000000080000000, 0x0000000100000000)
  region size 1024K, 15 young (15360K), 14 survivors (14336K)
 Metaspace       used 145562K, committed 146304K, reserved 1179648K
  class space    used 18973K, committed 19328K, reserved 1048576K
}

