# JRE version: OpenJDK Runtime Environment (17.0.6) (build 17.0.6+0-b2043.56-10027231)
# Java VM: OpenJDK 64-Bit Server VM (17.0.6+0-b2043.56-10027231, mixed mode, tiered, compressed oops, compressed class ptrs, g1 gc, windows-amd64)
GC Precious Log:
 CPUs: 8 total, 8 available
 Memory: 3446M
 Large Page Support: Disabled
 NUMA Support: Disabled
 Compressed Oops: Enabled (32-bit)
 Heap Region Size: 1M
 Heap Min Capacity: 8M
 Heap Initial Capacity: 54M
 Heap Max Capacity: 2G
 Pre-touch: Disabled
 Parallel Workers: 8
 Concurrent Workers: 2
 Concurrent Refinement Workers: 8
 Periodic GC: Disabled
Heap:
 garbage-first heap   total 281600K, used 145285K [0x0000000080000000, 0x0000000100000000)
  region size 1024K, 5 young (5120K), 5 survivors (5120K)
 Metaspace       used 121171K, committed 121920K, reserved 1155072K
  class space    used 15856K, committed 16192K, reserved 1048576K
GC Heap History (20 events):
Event: 29.344 GC heap after
{Heap after GC invocations=35 (full 0):
 garbage-first heap   total 252928K, used 88143K [0x0000000080000000, 0x0000000100000000)
  region size 1024K, 14 young (14336K), 14 survivors (14336K)
 Metaspace       used 72936K, committed 73664K, reserved 1114112K
  class space    used 10151K, committed 10432K, reserved 1048576K
}
Event: 29.548 GC heap before
{Heap before GC invocations=35 (full 0):
 garbage-first heap   total 252928K, used 89167K [0x0000000080000000, 0x0000000100000000)
  region size 1024K, 15 young (15360K), 14 survivors (14336K)
 Metaspace       used 73012K, committed 73792K, reserved 1114112K
  class space    used 10158K, committed 10496K, reserved 1048576K
}
Event: 29.674 GC heap after
{Heap after GC invocations=36 (full 0):
 garbage-first heap   total 252928K, used 88833K [0x0000000080000000, 0x0000000100000000)
  region size 1024K, 2 young (2048K), 2 survivors (2048K)
 Metaspace       used 73012K, committed 73792K, reserved 1114112K
  class space    used 10158K, committed 10496K, reserved 1048576K
}
Event: 33.701 GC heap before
{Heap before GC invocations=36 (full 0):
 garbage-first heap   total 252928K, used 186113K [0x0000000080000000, 0x0000000100000000)
  region size 1024K, 98 young (100352K), 2 survivors (2048K)
 Metaspace       used 83846K, committed 84544K, reserved 1122304K
  class space    used 11584K, committed 11904K, reserved 1048576K
}
Event: 33.712 GC heap after
{Heap after GC invocations=37 (full 0):
 garbage-first heap   total 252928K, used 92844K [0x0000000080000000, 0x0000000100000000)
  region size 1024K, 6 young (6144K), 6 survivors (6144K)
 Metaspace       used 83846K, committed 84544K, reserved 1122304K
  class space    used 11584K, committed 11904K, reserved 1048576K
}
Event: 44.192 GC heap before
{Heap before GC invocations=37 (full 0):
 garbage-first heap   total 252928K, used 202412K [0x0000000080000000, 0x0000000100000000)
  region size 1024K, 104 young (106496K), 6 survivors (6144K)
 Metaspace       used 90311K, committed 91072K, reserved 1130496K
  class space    used 12373K, committed 12672K, reserved 1048576K
}
Event: 44.236 GC heap after
{Heap after GC invocations=38 (full 0):
 garbage-first heap   total 252928K, used 116510K [0x0000000080000000, 0x0000000100000000)
  region size 1024K, 13 young (13312K), 13 survivors (13312K)
 Metaspace       used 90311K, committed 91072K, reserved 1130496K
  class space    used 12373K, committed 12672K, reserved 1048576K
}
Event: 46.031 GC heap before
{Heap before GC invocations=38 (full 0):
 garbage-first heap   total 252928K, used 148254K [0x0000000080000000, 0x0000000100000000)
  region size 1024K, 45 young (46080K), 13 survivors (13312K)
 Metaspace       used 93965K, committed 94656K, reserved 1130496K
  class space    used 12795K, committed 13120K, reserved 1048576K
}
Event: 46.054 GC heap after
{Heap after GC invocations=39 (full 0):
 garbage-first heap   total 252928K, used 119756K [0x0000000080000000, 0x0000000100000000)
  region size 1024K, 3 young (3072K), 3 survivors (3072K)
 Metaspace       used 93965K, committed 94656K, reserved 1130496K
  class space    used 12795K, committed 13120K, reserved 1048576K
}
Event: 47.768 GC heap before
{Heap before GC invocations=40 (full 0):
 garbage-first heap   total 252928K, used 204748K [0x0000000080000000, 0x0000000100000000)
  region size 1024K, 80 young (81920K), 3 survivors (3072K)
 Metaspace       used 103708K, committed 104448K, reserved 1146880K
  class space    used 13825K, committed 14144K, reserved 1048576K
}
Event: 47.778 GC heap after
{Heap after GC invocations=41 (full 0):
 garbage-first heap   total 252928K, used 131683K [0x0000000080000000, 0x0000000100000000)
  region size 1024K, 9 young (9216K), 9 survivors (9216K)
 Metaspace       used 103708K, committed 104448K, reserved 1146880K
  class space    used 13825K, committed 14144K, reserved 1048576K
}
Event: 47.858 GC heap before
{Heap before GC invocations=41 (full 0):
 garbage-first heap   total 252928K, used 134755K [0x0000000080000000, 0x0000000100000000)
  region size 1024K, 12 young (12288K), 9 survivors (9216K)
 Metaspace       used 104187K, committed 104960K, reserved 1146880K
  class space    used 13883K, committed 14208K, reserved 1048576K
}
Event: 47.879 GC heap after
{Heap after GC invocations=42 (full 0):
 garbage-first heap   total 252928K, used 132320K [0x0000000080000000, 0x0000000100000000)
  region size 1024K, 2 young (2048K), 2 survivors (2048K)
 Metaspace       used 104187K, committed 104960K, reserved 1146880K
  class space    used 13883K, committed 14208K, reserved 1048576K
}
Event: 48.926 GC heap before
{Heap before GC invocations=42 (full 0):
 garbage-first heap   total 252928K, used 202976K [0x0000000080000000, 0x0000000100000000)
  region size 1024K, 70 young (71680K), 2 survivors (2048K)
 Metaspace       used 109486K, committed 110208K, reserved 1146880K
  class space    used 14542K, committed 14848K, reserved 1048576K
}
Event: 48.934 GC heap after
{Heap after GC invocations=43 (full 0):
 garbage-first heap   total 252928K, used 135402K [0x0000000080000000, 0x0000000100000000)
  region size 1024K, 5 young (5120K), 5 survivors (5120K)
 Metaspace       used 109486K, committed 110208K, reserved 1146880K
  class space    used 14542K, committed 14848K, reserved 1048576K
}
Event: 50.402 GC heap before
{Heap before GC invocations=44 (full 0):
 garbage-first heap   total 252928K, used 205034K [0x0000000080000000, 0x0000000100000000)
  region size 1024K, 73 young (74752K), 5 survivors (5120K)
 Metaspace       used 113654K, committed 114368K, reserved 1155072K
  class space    used 14997K, committed 15296K, reserved 1048576K
}
Event: 50.414 GC heap after
{Heap after GC invocations=45 (full 0):
 garbage-first heap   total 252928K, used 141660K [0x0000000080000000, 0x0000000100000000)
  region size 1024K, 10 young (10240K), 10 survivors (10240K)
 Metaspace       used 113654K, committed 114368K, reserved 1155072K
  class space    used 14997K, committed 15296K, reserved 1048576K
}
Event: 50.456 GC heap before
{Heap before GC invocations=45 (full 0):
 garbage-first heap   total 252928K, used 143708K [0x0000000080000000, 0x0000000100000000)
  region size 1024K, 12 young (12288K), 10 survivors (10240K)
 Metaspace       used 113676K, committed 114368K, reserved 1155072K
  class space    used 14997K, committed 15296K, reserved 1048576K
}
Event: 50.467 GC heap after
{Heap after GC invocations=46 (full 0):
 garbage-first heap   total 252928K, used 142329K [0x0000000080000000, 0x0000000100000000)
  region size 1024K, 2 young (2048K), 2 survivors (2048K)
 Metaspace       used 113676K, committed 114368K, reserved 1155072K
  class space    used 14997K, committed 15296K, reserved 1048576K
}
Event: 52.114 GC heap before
{Heap before GC invocations=46 (full 0):
 garbage-first heap   total 252928K, used 206841K [0x0000000080000000, 0x0000000100000000)
  region size 1024K, 65 young (66560K), 2 survivors (2048K)
 Metaspace       used 121171K, committed 121920K, reserved 1155072K
  class space    used 15856K, committed 16192K, reserved 1048576K
}

