# JRE version: OpenJDK Runtime Environment (17.0.6) (build 17.0.6+0-b2043.56-10027231)
# Java VM: OpenJDK 64-Bit Server VM (17.0.6+0-b2043.56-10027231, mixed mode, tiered, compressed oops, compressed class ptrs, g1 gc, windows-amd64)
GC Precious Log:
 CPUs: 8 total, 8 available
 Memory: 3446M
 Large Page Support: Disabled
 NUMA Support: Disabled
 Compressed Oops: Enabled (32-bit)
 Heap Region Size: 1M
 Heap Min Capacity: 8M
 Heap Initial Capacity: 54M
 Heap Max Capacity: 2G
 Pre-touch: Disabled
 Parallel Workers: 8
 Concurrent Workers: 2
 Concurrent Refinement Workers: 8
 Periodic GC: Disabled
Heap:
 garbage-first heap   total 460800K, used 365393K [0x0000000080000000, 0x0000000100000000)
  region size 1024K, 36 young (36864K), 5 survivors (5120K)
 Metaspace       used 149411K, committed 150528K, reserved 1179648K
  class space    used 19451K, committed 20032K, reserved 1048576K
GC Heap History (20 events):
Event: 1447.990 GC heap before
{Heap before GC invocations=68 (full 0):
 garbage-first heap   total 430080K, used 338598K [0x0000000080000000, 0x0000000100000000)
  region size 1024K, 82 young (83968K), 2 survivors (2048K)
 Metaspace       used 132407K, committed 133440K, reserved 1171456K
  class space    used 17077K, committed 17600K, reserved 1048576K
}
Event: 1448.002 GC heap after
{Heap after GC invocations=69 (full 0):
 garbage-first heap   total 430080K, used 249628K [0x0000000080000000, 0x0000000100000000)
  region size 1024K, 11 young (11264K), 11 survivors (11264K)
 Metaspace       used 132407K, committed 133440K, reserved 1171456K
  class space    used 17077K, committed 17600K, reserved 1048576K
}
Event: 1448.457 GC heap before
{Heap before GC invocations=69 (full 0):
 garbage-first heap   total 430080K, used 330524K [0x0000000080000000, 0x0000000100000000)
  region size 1024K, 91 young (93184K), 11 survivors (11264K)
 Metaspace       used 133629K, committed 134592K, reserved 1171456K
  class space    used 17161K, committed 17664K, reserved 1048576K
}
Event: 1448.461 GC heap after
{Heap after GC invocations=70 (full 0):
 garbage-first heap   total 430080K, used 242521K [0x0000000080000000, 0x0000000100000000)
  region size 1024K, 2 young (2048K), 2 survivors (2048K)
 Metaspace       used 133629K, committed 134592K, reserved 1171456K
  class space    used 17161K, committed 17664K, reserved 1048576K
}
Event: 1450.236 GC heap before
{Heap before GC invocations=70 (full 0):
 garbage-first heap   total 430080K, used 334681K [0x0000000080000000, 0x0000000100000000)
  region size 1024K, 93 young (95232K), 2 survivors (2048K)
 Metaspace       used 136028K, committed 137088K, reserved 1171456K
  class space    used 17451K, committed 17984K, reserved 1048576K
}
Event: 1450.245 GC heap after
{Heap after GC invocations=71 (full 0):
 garbage-first heap   total 430080K, used 247303K [0x0000000080000000, 0x0000000100000000)
  region size 1024K, 6 young (6144K), 6 survivors (6144K)
 Metaspace       used 136028K, committed 137088K, reserved 1171456K
  class space    used 17451K, committed 17984K, reserved 1048576K
}
Event: 1451.568 GC heap before
{Heap before GC invocations=71 (full 0):
 garbage-first heap   total 430080K, used 341511K [0x0000000080000000, 0x0000000100000000)
  region size 1024K, 99 young (101376K), 6 survivors (6144K)
 Metaspace       used 137882K, committed 138944K, reserved 1171456K
  class space    used 17672K, committed 18176K, reserved 1048576K
}
Event: 1451.581 GC heap after
{Heap after GC invocations=72 (full 0):
 garbage-first heap   total 430080K, used 253165K [0x0000000080000000, 0x0000000100000000)
  region size 1024K, 12 young (12288K), 12 survivors (12288K)
 Metaspace       used 137882K, committed 138944K, reserved 1171456K
  class space    used 17672K, committed 18176K, reserved 1048576K
}
Event: 1451.759 GC heap before
{Heap before GC invocations=72 (full 0):
 garbage-first heap   total 430080K, used 275693K [0x0000000080000000, 0x0000000100000000)
  region size 1024K, 28 young (28672K), 12 survivors (12288K)
 Metaspace       used 138145K, committed 139200K, reserved 1171456K
  class space    used 17705K, committed 18240K, reserved 1048576K
}
Event: 1451.775 GC heap after
{Heap after GC invocations=73 (full 0):
 garbage-first heap   total 430080K, used 267126K [0x0000000080000000, 0x0000000100000000)
  region size 1024K, 6 young (6144K), 6 survivors (6144K)
 Metaspace       used 138145K, committed 139200K, reserved 1171456K
  class space    used 17705K, committed 18240K, reserved 1048576K
}
Event: 1453.198 GC heap before
{Heap before GC invocations=74 (full 0):
 garbage-first heap   total 460800K, used 373622K [0x0000000080000000, 0x0000000100000000)
  region size 1024K, 89 young (91136K), 6 survivors (6144K)
 Metaspace       used 142026K, committed 143168K, reserved 1179648K
  class space    used 18247K, committed 18816K, reserved 1048576K
}
Event: 1453.260 GC heap after
{Heap after GC invocations=75 (full 0):
 garbage-first heap   total 460800K, used 290132K [0x0000000080000000, 0x0000000100000000)
  region size 1024K, 12 young (12288K), 12 survivors (12288K)
 Metaspace       used 142026K, committed 143168K, reserved 1179648K
  class space    used 18247K, committed 18816K, reserved 1048576K
}
Event: 1453.323 GC heap before
{Heap before GC invocations=75 (full 0):
 garbage-first heap   total 460800K, used 299348K [0x0000000080000000, 0x0000000100000000)
  region size 1024K, 22 young (22528K), 12 survivors (12288K)
 Metaspace       used 142026K, committed 143168K, reserved 1179648K
  class space    used 18247K, committed 18816K, reserved 1048576K
}
Event: 1453.353 GC heap after
{Heap after GC invocations=76 (full 0):
 garbage-first heap   total 460800K, used 279964K [0x0000000080000000, 0x0000000100000000)
  region size 1024K, 3 young (3072K), 3 survivors (3072K)
 Metaspace       used 142026K, committed 143168K, reserved 1179648K
  class space    used 18247K, committed 18816K, reserved 1048576K
}
Event: 1454.016 GC heap before
{Heap before GC invocations=76 (full 0):
 garbage-first heap   total 460800K, used 370076K [0x0000000080000000, 0x0000000100000000)
  region size 1024K, 90 young (92160K), 3 survivors (3072K)
 Metaspace       used 144806K, committed 145984K, reserved 1179648K
  class space    used 18802K, committed 19392K, reserved 1048576K
}
Event: 1454.107 GC heap after
{Heap after GC invocations=77 (full 0):
 garbage-first heap   total 460800K, used 321025K [0x0000000080000000, 0x0000000100000000)
  region size 1024K, 12 young (12288K), 12 survivors (12288K)
 Metaspace       used 144806K, committed 145984K, reserved 1179648K
  class space    used 18802K, committed 19392K, reserved 1048576K
}
Event: 1455.215 GC heap before
{Heap before GC invocations=77 (full 0):
 garbage-first heap   total 460800K, used 372225K [0x0000000080000000, 0x0000000100000000)
  region size 1024K, 62 young (63488K), 12 survivors (12288K)
 Metaspace       used 147604K, committed 148736K, reserved 1179648K
  class space    used 19197K, committed 19776K, reserved 1048576K
}
Event: 1455.254 GC heap after
{Heap after GC invocations=78 (full 0):
 garbage-first heap   total 460800K, used 339072K [0x0000000080000000, 0x0000000100000000)
  region size 1024K, 8 young (8192K), 8 survivors (8192K)
 Metaspace       used 147604K, committed 148736K, reserved 1179648K
  class space    used 19197K, committed 19776K, reserved 1048576K
}
Event: 1455.917 GC heap before
{Heap before GC invocations=78 (full 0):
 garbage-first heap   total 460800K, used 377984K [0x0000000080000000, 0x0000000100000000)
  region size 1024K, 47 young (48128K), 8 survivors (8192K)
 Metaspace       used 148985K, committed 150144K, reserved 1179648K
  class space    used 19399K, committed 19968K, reserved 1048576K
}
Event: 1455.938 GC heap after
{Heap after GC invocations=79 (full 0):
 garbage-first heap   total 460800K, used 345937K [0x0000000080000000, 0x0000000100000000)
  region size 1024K, 5 young (5120K), 5 survivors (5120K)
 Metaspace       used 148985K, committed 150144K, reserved 1179648K
  class space    used 19399K, committed 19968K, reserved 1048576K
}

