# JRE version: OpenJDK Runtime Environment (17.0.6) (build 17.0.6+0-b2043.56-10027231)
# Java VM: OpenJDK 64-Bit Server VM (17.0.6+0-b2043.56-10027231, mixed mode, tiered, compressed oops, compressed class ptrs, g1 gc, windows-amd64)
GC Precious Log:
 CPUs: 8 total, 8 available
 Memory: 3446M
 Large Page Support: Disabled
 NUMA Support: Disabled
 Compressed Oops: Enabled (32-bit)
 Heap Region Size: 1M
 Heap Min Capacity: 8M
 Heap Initial Capacity: 54M
 Heap Max Capacity: 2G
 Pre-touch: Disabled
 Parallel Workers: 8
 Concurrent Workers: 2
 Concurrent Refinement Workers: 8
 Periodic GC: Disabled
Heap:
 garbage-first heap   total 350208K, used 229787K [0x0000000080000000, 0x0000000100000000)
  region size 1024K, 5 young (5120K), 5 survivors (5120K)
 Metaspace       used 109531K, committed 110272K, reserved 1146880K
  class space    used 14927K, committed 15296K, reserved 1048576K
GC Heap History (20 events):
Event: 19.032 GC heap after
{Heap after GC invocations=48 (full 0):
 garbage-first heap   total 168960K, used 79556K [0x0000000080000000, 0x0000000100000000)
  region size 1024K, 9 young (9216K), 9 survivors (9216K)
 Metaspace       used 93430K, committed 94016K, reserved 1130496K
  class space    used 12640K, committed 12928K, reserved 1048576K
}
Event: 20.302 GC heap before
{Heap before GC invocations=48 (full 0):
 garbage-first heap   total 168960K, used 131780K [0x0000000080000000, 0x0000000100000000)
  region size 1024K, 61 young (62464K), 9 survivors (9216K)
 Metaspace       used 93985K, committed 94656K, reserved 1138688K
  class space    used 12676K, committed 12992K, reserved 1048576K
}
Event: 20.332 GC heap after
{Heap after GC invocations=49 (full 0):
 garbage-first heap   total 337920K, used 83351K [0x0000000080000000, 0x0000000100000000)
  region size 1024K, 5 young (5120K), 5 survivors (5120K)
 Metaspace       used 93985K, committed 94656K, reserved 1138688K
  class space    used 12676K, committed 12992K, reserved 1048576K
}
Event: 23.955 GC heap before
{Heap before GC invocations=49 (full 0):
 garbage-first heap   total 337920K, used 280983K [0x0000000080000000, 0x0000000100000000)
  region size 1024K, 174 young (178176K), 5 survivors (5120K)
 Metaspace       used 99345K, committed 99968K, reserved 1138688K
  class space    used 13384K, committed 13696K, reserved 1048576K
}
Event: 24.049 GC heap after
{Heap after GC invocations=50 (full 0):
 garbage-first heap   total 337920K, used 118382K [0x0000000080000000, 0x0000000100000000)
  region size 1024K, 22 young (22528K), 22 survivors (22528K)
 Metaspace       used 99345K, committed 99968K, reserved 1138688K
  class space    used 13384K, committed 13696K, reserved 1048576K
}
Event: 25.580 GC heap before
{Heap before GC invocations=50 (full 0):
 garbage-first heap   total 337920K, used 270958K [0x0000000080000000, 0x0000000100000000)
  region size 1024K, 156 young (159744K), 22 survivors (22528K)
 Metaspace       used 102480K, committed 103168K, reserved 1138688K
  class space    used 13987K, committed 14336K, reserved 1048576K
}
Event: 26.170 GC heap after
{Heap after GC invocations=51 (full 0):
 garbage-first heap   total 350208K, used 181058K [0x0000000080000000, 0x0000000100000000)
  region size 1024K, 20 young (20480K), 20 survivors (20480K)
 Metaspace       used 102480K, committed 103168K, reserved 1138688K
  class space    used 13987K, committed 14336K, reserved 1048576K
}
Event: 26.539 GC heap before
{Heap before GC invocations=51 (full 0):
 garbage-first heap   total 350208K, used 211778K [0x0000000080000000, 0x0000000100000000)
  region size 1024K, 50 young (51200K), 20 survivors (20480K)
 Metaspace       used 103153K, committed 103872K, reserved 1138688K
  class space    used 14089K, committed 14464K, reserved 1048576K
}
Event: 26.614 GC heap after
{Heap after GC invocations=52 (full 0):
 garbage-first heap   total 350208K, used 197120K [0x0000000080000000, 0x0000000100000000)
  region size 1024K, 7 young (7168K), 7 survivors (7168K)
 Metaspace       used 103153K, committed 103872K, reserved 1138688K
  class space    used 14089K, committed 14464K, reserved 1048576K
}
Event: 27.109 GC heap before
{Heap before GC invocations=52 (full 0):
 garbage-first heap   total 350208K, used 207360K [0x0000000080000000, 0x0000000100000000)
  region size 1024K, 17 young (17408K), 7 survivors (7168K)
 Metaspace       used 105191K, committed 105920K, reserved 1146880K
  class space    used 14366K, committed 14720K, reserved 1048576K
}
Event: 27.122 GC heap after
{Heap after GC invocations=53 (full 0):
 garbage-first heap   total 350208K, used 201009K [0x0000000080000000, 0x0000000100000000)
  region size 1024K, 3 young (3072K), 3 survivors (3072K)
 Metaspace       used 105191K, committed 105920K, reserved 1146880K
  class space    used 14366K, committed 14720K, reserved 1048576K
}
Event: 27.569 GC heap before
{Heap before GC invocations=53 (full 0):
 garbage-first heap   total 350208K, used 220465K [0x0000000080000000, 0x0000000100000000)
  region size 1024K, 23 young (23552K), 3 survivors (3072K)
 Metaspace       used 106172K, committed 106944K, reserved 1146880K
  class space    used 14525K, committed 14912K, reserved 1048576K
}
Event: 27.573 GC heap after
{Heap after GC invocations=54 (full 0):
 garbage-first heap   total 350208K, used 200685K [0x0000000080000000, 0x0000000100000000)
  region size 1024K, 2 young (2048K), 2 survivors (2048K)
 Metaspace       used 106172K, committed 106944K, reserved 1146880K
  class space    used 14525K, committed 14912K, reserved 1048576K
}
Event: 28.401 GC heap before
{Heap before GC invocations=54 (full 0):
 garbage-first heap   total 350208K, used 271341K [0x0000000080000000, 0x0000000100000000)
  region size 1024K, 70 young (71680K), 2 survivors (2048K)
 Metaspace       used 107640K, committed 108416K, reserved 1146880K
  class space    used 14708K, committed 15104K, reserved 1048576K
}
Event: 28.413 GC heap after
{Heap after GC invocations=55 (full 0):
 garbage-first heap   total 350208K, used 207502K [0x0000000080000000, 0x0000000100000000)
  region size 1024K, 8 young (8192K), 8 survivors (8192K)
 Metaspace       used 107640K, committed 108416K, reserved 1146880K
  class space    used 14708K, committed 15104K, reserved 1048576K
}
Event: 29.021 GC heap before
{Heap before GC invocations=55 (full 0):
 garbage-first heap   total 350208K, used 281230K [0x0000000080000000, 0x0000000100000000)
  region size 1024K, 75 young (76800K), 8 survivors (8192K)
 Metaspace       used 108229K, committed 108928K, reserved 1146880K
  class space    used 14769K, committed 15104K, reserved 1048576K
}
Event: 29.040 GC heap after
{Heap after GC invocations=56 (full 0):
 garbage-first heap   total 350208K, used 220596K [0x0000000080000000, 0x0000000100000000)
  region size 1024K, 9 young (9216K), 9 survivors (9216K)
 Metaspace       used 108229K, committed 108928K, reserved 1146880K
  class space    used 14769K, committed 15104K, reserved 1048576K
}
Event: 29.906 GC heap before
{Heap before GC invocations=56 (full 0):
 garbage-first heap   total 350208K, used 285108K [0x0000000080000000, 0x0000000100000000)
  region size 1024K, 69 young (70656K), 9 survivors (9216K)
 Metaspace       used 108887K, committed 109632K, reserved 1146880K
  class space    used 14857K, committed 15232K, reserved 1048576K
}
Event: 30.021 GC heap after
{Heap after GC invocations=57 (full 0):
 garbage-first heap   total 350208K, used 224130K [0x0000000080000000, 0x0000000100000000)
  region size 1024K, 3 young (3072K), 3 survivors (3072K)
 Metaspace       used 108887K, committed 109632K, reserved 1146880K
  class space    used 14857K, committed 15232K, reserved 1048576K
}
Event: 30.611 GC heap before
{Heap before GC invocations=57 (full 0):
 garbage-first heap   total 350208K, used 290690K [0x0000000080000000, 0x0000000100000000)
  region size 1024K, 65 young (66560K), 3 survivors (3072K)
 Metaspace       used 109531K, committed 110272K, reserved 1146880K
  class space    used 14927K, committed 15296K, reserved 1048576K
}

